<?xml version="1.0" encoding="UTF-8"?>
<mule version="EE-3.8.3" xmlns="http://www.mulesoft.org/schema/mule/core" xmlns:doc="http://www.mulesoft.org/schema/mule/documentation" xmlns:sfdc="http://www.mulesoft.org/schema/mule/sfdc" xmlns:spring="http://www.springframework.org/schema/beans" xmlns:xsi="http://www.w3.org/2001/XMLSchema-instance" xsi:schemaLocation="http://www.springframework.org/schema/beans http://www.springframework.org/schema/beans/spring-beans-current.xsd http://www.mulesoft.org/schema/mule/core http://www.mulesoft.org/schema/mule/core/current/mule.xsd http://www.mulesoft.org/schema/mule/sfdc http://www.mulesoft.org/schema/mule/sfdc/current/mule-sfdc.xsd">

    <sub-flow name="selectAccountFromSalesforce">
        <sfdc:query-single config-ref="Salesforce__Basic_authentication" doc:name="Salesforce" query="SELECT Id,Region__c FROM Account WHERE Name = '#[payload]'"/>
    </sub-flow>
    <sub-flow name="deleteAccountFromSalesforce">
		<sfdc:delete config-ref="Salesforce__Basic_authentication" doc:name="Salesforce">
			<sfdc:ids ref="#[payload]"/>
		</sfdc:delete>
	</sub-flow>
</mule>